<?xml version="1.0" encoding="UTF-8"?>
<testng-results ignored="0" total="1" passed="1" failed="0" skipped="0">
  <reporter-output>
  </reporter-output>
  <suite started-at="2018-12-08T20:07:38Z" name="Default suite" finished-at="2018-12-08T20:07:43Z" duration-ms="5326">
    <groups>
    </groups>
    <test started-at="2018-12-08T20:07:38Z" name="Default test" finished-at="2018-12-08T20:07:43Z" duration-ms="5326">
      <class name="mavenhw.Googletest">
        <test-method is-config="true" signature="setup()[pri:0, instance:mavenhw.Googletest@7e7be63f]" started-at="2018-12-08T20:07:38Z" name="setup" finished-at="2018-12-08T20:07:43Z" duration-ms="4965" status="PASS">
          <reporter-output>
          </reporter-output>
        </test-method> <!-- setup -->
        <test-method signature="findTitle()[pri:0, instance:mavenhw.Googletest@7e7be63f]" started-at="2018-12-08T20:07:43Z" name="findTitle" finished-at="2018-12-08T20:07:43Z" duration-ms="21" status="PASS">
          <reporter-output>
          </reporter-output>
        </test-method> <!-- findTitle -->
        <test-method is-config="true" signature="teardown()[pri:0, instance:mavenhw.Googletest@7e7be63f]" started-at="2018-12-08T20:07:43Z" name="teardown" finished-at="2018-12-08T20:07:43Z" duration-ms="263" status="PASS">
          <reporter-output>
          </reporter-output>
        </test-method> <!-- teardown -->
      </class> <!-- mavenhw.Googletest -->
    </test> <!-- Default test -->
  </suite> <!-- Default suite -->
</testng-results>
